app/build/intermediates/manifest_merge_blame_file/debug/manifest-merger-blame-debug-report.txt
1<?xml version="1.0" encoding="utf-8"?>
2<manifest xmlns:android="http://schemas.android.com/apk/res/android"
3    package="com.example.otterenrichment"
4    android:versionCode="1"
5    android:versionName="1.0" >
6
7    <uses-sdk
8        android:minSdkVersion="26"
9        android:targetSdkVersion="34" />
10
11    <!-- WiFi and Network Permissions -->
12    <uses-permission android:name="android.permission.INTERNET" />
12-->src/main/AndroidManifest.xml:6:5-67
12-->src/main/AndroidManifest.xml:6:22-64
13    <uses-permission android:name="android.permission.ACCESS_NETWORK_STATE" />
13-->src/main/AndroidManifest.xml:7:5-79
13-->src/main/AndroidManifest.xml:7:22-76
14    <uses-permission android:name="android.permission.ACCESS_WIFI_STATE" />
14-->src/main/AndroidManifest.xml:8:5-76
14-->src/main/AndroidManifest.xml:8:22-73
15    <uses-permission android:name="android.permission.CHANGE_WIFI_STATE" />
15-->src/main/AndroidManifest.xml:9:5-76
15-->src/main/AndroidManifest.xml:9:22-73
16    <uses-permission android:name="android.permission.ACCESS_FINE_LOCATION" />
16-->src/main/AndroidManifest.xml:10:5-79
16-->src/main/AndroidManifest.xml:10:22-76
17    <uses-permission android:name="android.permission.ACCESS_COARSE_LOCATION" />
17-->src/main/AndroidManifest.xml:11:5-81
17-->src/main/AndroidManifest.xml:11:22-78
18    <uses-permission
18-->src/main/AndroidManifest.xml:12:5-13:38
19        android:name="android.permission.WRITE_EXTERNAL_STORAGE"
19-->src/main/AndroidManifest.xml:12:22-78
20        android:maxSdkVersion="28" />
20-->src/main/AndroidManifest.xml:13:9-35
21    <uses-permission
21-->src/main/AndroidManifest.xml:14:5-15:38
22        android:name="android.permission.READ_EXTERNAL_STORAGE"
22-->src/main/AndroidManifest.xml:14:22-77
23        android:maxSdkVersion="32" />
23-->src/main/AndroidManifest.xml:15:9-35
24
25    <permission
25-->[androidx.core:core:1.12.0] AndroidManifest.xml:22:5-24:47
26        android:name="com.example.otterenrichment.DYNAMIC_RECEIVER_NOT_EXPORTED_PERMISSION"
26-->[androidx.core:core:1.12.0] AndroidManifest.xml:23:9-81
27        android:protectionLevel="signature" />
27-->[androidx.core:core:1.12.0] AndroidManifest.xml:24:9-44
28
29    <uses-permission android:name="com.example.otterenrichment.DYNAMIC_RECEIVER_NOT_EXPORTED_PERMISSION" />
29-->[androidx.core:core:1.12.0] AndroidManifest.xml:26:5-97
29-->[androidx.core:core:1.12.0] AndroidManifest.xml:26:22-94
30
31    <application
31-->src/main/AndroidManifest.xml:17:5-77:19
32        android:allowBackup="true"
32-->src/main/AndroidManifest.xml:18:9-35
33        android:appComponentFactory="androidx.core.app.CoreComponentFactory"
33-->[androidx.core:core:1.12.0] AndroidManifest.xml:28:18-86
34        android:debuggable="true"
35        android:extractNativeLibs="false"
36        android:icon="@android:drawable/ic_menu_manage"
36-->src/main/AndroidManifest.xml:19:9-56
37        android:label="@string/app_name"
37-->src/main/AndroidManifest.xml:20:9-41
38        android:supportsRtl="true"
38-->src/main/AndroidManifest.xml:21:9-35
39        android:testOnly="true"
40        android:theme="@style/Theme.Material3.DayNight"
40-->src/main/AndroidManifest.xml:22:9-56
41        android:usesCleartextTraffic="true" >
41-->src/main/AndroidManifest.xml:23:9-44
42
43        <!-- Launcher Activity - Entry Point -->
44        <activity
44-->src/main/AndroidManifest.xml:27:9-35:20
45            android:name="com.example.otterenrichment.LauncherActivity"
45-->src/main/AndroidManifest.xml:28:13-45
46            android:exported="true"
46-->src/main/AndroidManifest.xml:29:13-36
47            android:screenOrientation="portrait" >
47-->src/main/AndroidManifest.xml:30:13-49
48            <intent-filter>
48-->src/main/AndroidManifest.xml:31:13-34:29
49                <action android:name="android.intent.action.MAIN" />
49-->src/main/AndroidManifest.xml:32:17-69
49-->src/main/AndroidManifest.xml:32:25-66
50
51                <category android:name="android.intent.category.LAUNCHER" />
51-->src/main/AndroidManifest.xml:33:17-77
51-->src/main/AndroidManifest.xml:33:27-74
52            </intent-filter>
53        </activity>
54
55        <!-- Tutorial Activity - For first-time users -->
56        <activity
56-->src/main/AndroidManifest.xml:38:9-41:52
57            android:name="com.example.otterenrichment.TutorialActivity"
57-->src/main/AndroidManifest.xml:39:13-45
58            android:exported="false"
58-->src/main/AndroidManifest.xml:40:13-37
59            android:screenOrientation="portrait" />
59-->src/main/AndroidManifest.xml:41:13-49
60
61        <!-- Experienced User Activity - For returning users -->
62        <activity
62-->src/main/AndroidManifest.xml:44:9-47:52
63            android:name="com.example.otterenrichment.ExperiencedUserActivity"
63-->src/main/AndroidManifest.xml:45:13-52
64            android:exported="false"
64-->src/main/AndroidManifest.xml:46:13-37
65            android:screenOrientation="portrait" />
65-->src/main/AndroidManifest.xml:47:13-49
66
67        <!-- Maintenance Mode Activity -->
68        <activity
68-->src/main/AndroidManifest.xml:50:9-53:52
69            android:name="com.example.otterenrichment.MaintenanceModeActivity"
69-->src/main/AndroidManifest.xml:51:13-52
70            android:exported="false"
70-->src/main/AndroidManifest.xml:52:13-37
71            android:screenOrientation="portrait" />
71-->src/main/AndroidManifest.xml:53:13-49
72
73        <!-- Begin New Collection Activity -->
74        <activity
74-->src/main/AndroidManifest.xml:56:9-59:52
75            android:name="com.example.otterenrichment.BeginNewCollectionActivity"
75-->src/main/AndroidManifest.xml:57:13-55
76            android:exported="false"
76-->src/main/AndroidManifest.xml:58:13-37
77            android:screenOrientation="portrait" />
77-->src/main/AndroidManifest.xml:59:13-49
78
79        <!-- Power On Device Activity -->
80        <activity
80-->src/main/AndroidManifest.xml:62:9-65:52
81            android:name="com.example.otterenrichment.PowerOnDeviceActivity"
81-->src/main/AndroidManifest.xml:63:13-50
82            android:exported="false"
82-->src/main/AndroidManifest.xml:64:13-37
83            android:screenOrientation="portrait" />
83-->src/main/AndroidManifest.xml:65:13-49
84
85        <!-- Start Recording Activity -->
86        <activity
86-->src/main/AndroidManifest.xml:68:9-71:52
87            android:name="com.example.otterenrichment.StartRecordingActivity"
87-->src/main/AndroidManifest.xml:69:13-51
88            android:exported="false"
88-->src/main/AndroidManifest.xml:70:13-37
89            android:screenOrientation="portrait" />
89-->src/main/AndroidManifest.xml:71:13-49
90
91        <!-- Main Activity - Device Control -->
92        <activity
92-->src/main/AndroidManifest.xml:74:9-76:40
93            android:name="com.example.otterenrichment.MainActivity"
93-->src/main/AndroidManifest.xml:75:13-41
94            android:exported="false" />
94-->src/main/AndroidManifest.xml:76:13-37
95
96        <provider
96-->[androidx.emoji2:emoji2:1.2.0] AndroidManifest.xml:24:9-32:20
97            android:name="androidx.startup.InitializationProvider"
97-->[androidx.emoji2:emoji2:1.2.0] AndroidManifest.xml:25:13-67
98            android:authorities="com.example.otterenrichment.androidx-startup"
98-->[androidx.emoji2:emoji2:1.2.0] AndroidManifest.xml:26:13-68
99            android:exported="false" >
99-->[androidx.emoji2:emoji2:1.2.0] AndroidManifest.xml:27:13-37
100            <meta-data
100-->[androidx.emoji2:emoji2:1.2.0] AndroidManifest.xml:29:13-31:52
101                android:name="androidx.emoji2.text.EmojiCompatInitializer"
101-->[androidx.emoji2:emoji2:1.2.0] AndroidManifest.xml:30:17-75
102                android:value="androidx.startup" />
102-->[androidx.emoji2:emoji2:1.2.0] AndroidManifest.xml:31:17-49
103            <meta-data
103-->[androidx.lifecycle:lifecycle-process:2.7.0] AndroidManifest.xml:29:13-31:52
104                android:name="androidx.lifecycle.ProcessLifecycleInitializer"
104-->[androidx.lifecycle:lifecycle-process:2.7.0] AndroidManifest.xml:30:17-78
105                android:value="androidx.startup" />
105-->[androidx.lifecycle:lifecycle-process:2.7.0] AndroidManifest.xml:31:17-49
106            <meta-data
106-->[androidx.profileinstaller:profileinstaller:1.3.0] AndroidManifest.xml:29:13-31:52
107                android:name="androidx.profileinstaller.ProfileInstallerInitializer"
107-->[androidx.profileinstaller:profileinstaller:1.3.0] AndroidManifest.xml:30:17-85
108                android:value="androidx.startup" />
108-->[androidx.profileinstaller:profileinstaller:1.3.0] AndroidManifest.xml:31:17-49
109        </provider>
110
111        <receiver
111-->[androidx.profileinstaller:profileinstaller:1.3.0] AndroidManifest.xml:34:9-52:20
112            android:name="androidx.profileinstaller.ProfileInstallReceiver"
112-->[androidx.profileinstaller:profileinstaller:1.3.0] AndroidManifest.xml:35:13-76
113            android:directBootAware="false"
113-->[androidx.profileinstaller:profileinstaller:1.3.0] AndroidManifest.xml:36:13-44
114            android:enabled="true"
114-->[androidx.profileinstaller:profileinstaller:1.3.0] AndroidManifest.xml:37:13-35
115            android:exported="true"
115-->[androidx.profileinstaller:profileinstaller:1.3.0] AndroidManifest.xml:38:13-36
116            android:permission="android.permission.DUMP" >
116-->[androidx.profileinstaller:profileinstaller:1.3.0] AndroidManifest.xml:39:13-57
117            <intent-filter>
117-->[androidx.profileinstaller:profileinstaller:1.3.0] AndroidManifest.xml:40:13-42:29
118                <action android:name="androidx.profileinstaller.action.INSTALL_PROFILE" />
118-->[androidx.profileinstaller:profileinstaller:1.3.0] AndroidManifest.xml:41:17-91
118-->[androidx.profileinstaller:profileinstaller:1.3.0] AndroidManifest.xml:41:25-88
119            </intent-filter>
120            <intent-filter>
120-->[androidx.profileinstaller:profileinstaller:1.3.0] AndroidManifest.xml:43:13-45:29
121                <action android:name="androidx.profileinstaller.action.SKIP_FILE" />
121-->[androidx.profileinstaller:profileinstaller:1.3.0] AndroidManifest.xml:44:17-85
121-->[androidx.profileinstaller:profileinstaller:1.3.0] AndroidManifest.xml:44:25-82
122            </intent-filter>
123            <intent-filter>
123-->[androidx.profileinstaller:profileinstaller:1.3.0] AndroidManifest.xml:46:13-48:29
124                <action android:name="androidx.profileinstaller.action.SAVE_PROFILE" />
124-->[androidx.profileinstaller:profileinstaller:1.3.0] AndroidManifest.xml:47:17-88
124-->[androidx.profileinstaller:profileinstaller:1.3.0] AndroidManifest.xml:47:25-85
125            </intent-filter>
126            <intent-filter>
126-->[androidx.profileinstaller:profileinstaller:1.3.0] AndroidManifest.xml:49:13-51:29
127                <action android:name="androidx.profileinstaller.action.BENCHMARK_OPERATION" />
127-->[androidx.profileinstaller:profileinstaller:1.3.0] AndroidManifest.xml:50:17-95
127-->[androidx.profileinstaller:profileinstaller:1.3.0] AndroidManifest.xml:50:25-92
128            </intent-filter>
129        </receiver>
130    </application>
131
132</manifest>